<?xml version="1.0" encoding="UTF-8"?>
<testng-results ignored="0" total="1" passed="1" failed="0" skipped="0">
  <reporter-output>
  </reporter-output>
  <suite started-at="2025-07-28T10:14:04 EAT" name="Command line suite" finished-at="2025-07-28T10:14:04 EAT" duration-ms="13">
    <groups>
    </groups>
    <test started-at="2025-07-28T10:14:04 EAT" name="Command line test" finished-at="2025-07-28T10:14:04 EAT" duration-ms="13">
      <class name="com.attachee.AppTest">
        <test-method signature="testApp()[pri:0, instance:testApp(com.attachee.AppTest)]" started-at="2025-07-28T10:14:04 EAT" name="testApp" finished-at="2025-07-28T10:14:04 EAT" duration-ms="1" status="PASS">
          <reporter-output>
          </reporter-output>
        </test-method> <!-- testApp -->
      </class> <!-- com.attachee.AppTest -->
    </test> <!-- Command line test -->
  </suite> <!-- Command line suite -->
</testng-results>
